This is pdfTeX, Version 3.14159265-2.6-1.40.20 (MiKTeX 2.9.7140 64-bit) (preloaded format=latex 2020.3.31)  23 APR 2020 19:18
entering extended mode
**./final_report.tex
(final_report.tex
LaTeX2e <2018-12-01>
("C:\Program Files\MikTex\tex/latex/base\article.cls"
Document Class: article 2018/09/03 v1.4i Standard LaTeX document class
("C:\Program Files\MikTex\tex/latex/base\size11.clo"
File: size11.clo 2018/09/03 v1.4i Standard LaTeX file (size option)
)
\c@part=\count80
\c@section=\count81
\c@subsection=\count82
\c@subsubsection=\count83
\c@paragraph=\count84
\c@subparagraph=\count85
\c@figure=\count86
\c@table=\count87
\abovecaptionskip=\skip41
\belowcaptionskip=\skip42
\bibindent=\dimen102
)
("C:\Program Files\MikTex\tex/latex/caption\subcaption.sty"
Package: subcaption 2019/09/01 v1.3a Sub-captions (AR)

("C:\Program Files\MikTex\tex/latex/caption\caption.sty"
Package: caption 2019/09/01 v3.3d Customizing captions (AR)

("C:\Program Files\MikTex\tex/latex/caption\caption3.sty"
Package: caption3 2019/09/01 v1.8d caption3 kernel (AR)
Package caption3 Info: TeX engine: e-TeX on input line 64.

("C:\Program Files\MikTex\tex/latex/graphics\keyval.sty"
Package: keyval 2014/10/28 v1.15 key=value parser (DPC)
\KV@toks@=\toks14
)
\captionmargin=\dimen103
\captionmargin@=\dimen104
\captionwidth=\dimen105
\caption@tempdima=\dimen106
\caption@indent=\dimen107
\caption@parindent=\dimen108
\caption@hangindent=\dimen109
)
\c@caption@flags=\count88
\c@ContinuedFloat=\count89
)
\c@subfigure=\count90
\c@subtable=\count91
)
("C:\Program Files\MikTex\tex/generic/babel\babel.sty"
Package: babel 2019/07/19 3.33 The Babel package

("C:\Program Files\MikTex\tex/generic/babel\switch.def"
File: switch.def 2019/07/19 3.33 Babel switching mechanism
)
*************************************
* Local config file bblopts.cfg used
*
("C:\Program Files\MikTex\tex/latex/arabi\bblopts.cfg"
File: bblopts.cfg 2005/09/08 v0.1 add Arabic and Farsi to "declared" options of
 babel
)
("C:\Program Files\MikTex\tex/latex/babel-english\english.ldf"
Language: english 2017/06/06 v3.3r English support from the babel system

("C:\Program Files\MikTex\tex/generic/babel\babel.def"
File: babel.def 2019/07/19 3.33 Babel common definitions
\babel@savecnt=\count92
\U@D=\dimen110

("C:\Program Files\MikTex\tex/generic/babel\txtbabel.def")
\bbl@dirlevel=\count93
)
\l@canadian = a dialect from \language\l@american 
\l@australian = a dialect from \language\l@british 
\l@newzealand = a dialect from \language\l@british 
))
("C:\Program Files\MikTex\tex/latex/blindtext\blindtext.sty"
Package: blindtext 2012/01/06 V2.0 blindtext-Package

("C:\Program Files\MikTex\tex/latex/tools\xspace.sty"
Package: xspace 2014/10/28 v1.13 Space after command names (DPC,MH)
)
\c@blindtext=\count94
\c@Blindtext=\count95
\c@blind@countparstart=\count96
\blind@countxx=\count97
\blindtext@numBlindtext=\count98
\blind@countyy=\count99
\c@blindlist=\count100
\c@blindlistlevel=\count101
\c@blindlist@level=\count102
\blind@listitem=\count103
\c@blind@listcount=\count104
\c@blind@levelcount=\count105
\blind@mathformula=\count106
\blind@Mathformula=\count107
\c@blind@randomcount=\count108
\c@blind@randommax=\count109
\c@blind@pangramcount=\count110
\c@blind@pangrammax=\count111
)
("C:\Program Files\MikTex\tex/latex/microtype\microtype.sty"
Package: microtype 2019/02/28 v2.7b Micro-typographical refinements (RS)
\MT@toks=\toks15
\MT@count=\count112
LaTeX Info: Redefining \textls on input line 790.
\MT@outer@kern=\dimen111
LaTeX Info: Redefining \textmicrotypecontext on input line 1336.
\MT@listname@count=\count113

("C:\Program Files\MikTex\tex/latex/microtype\microtype-pdftex.def"
File: microtype-pdftex.def 2019/02/28 v2.7b Definitions specific to pdftex (RS)

LaTeX Info: Redefining \lsstyle on input line 914.
LaTeX Info: Redefining \lslig on input line 914.
\MT@outer@space=\skip43
)
Package microtype Info: Loading configuration file microtype.cfg.

("C:\Program Files\MikTex\tex/latex/microtype\microtype.cfg"
File: microtype.cfg 2019/02/28 v2.7b microtype main configuration file (RS)
))
("C:\Program Files\MikTex\tex/latex/wrapfig\wrapfig.sty"
\wrapoverhang=\dimen112
\WF@size=\dimen113
\c@WF@wrappedlines=\count114
\WF@box=\box27
\WF@everypar=\toks16
Package: wrapfig 2003/01/31  v 3.6
)
("C:\Program Files\MikTex\tex/latex/graphics\graphicx.sty"
Package: graphicx 2017/06/01 v1.1a Enhanced LaTeX Graphics (DPC,SPQR)

("C:\Program Files\MikTex\tex/latex/graphics\graphics.sty"
Package: graphics 2017/06/25 v1.2c Standard LaTeX Graphics (DPC,SPQR)

("C:\Program Files\MikTex\tex/latex/graphics\trig.sty"
Package: trig 2016/01/03 v1.10 sin cos tan (DPC)
)
("C:\Program Files\MikTex\tex/latex/graphics-cfg\graphics.cfg"
File: graphics.cfg 2016/06/04 v1.11 sample graphics configuration
)
Package graphics Info: Driver file: dvips.def on input line 99.

("C:\Program Files\MikTex\tex/latex/graphics-def\dvips.def"
File: dvips.def 2017/06/20 v3.1d Graphics/color driver for dvips
))
\Gin@req@height=\dimen114
\Gin@req@width=\dimen115
)
("C:\Program Files\MikTex\tex/latex/enumitem\enumitem.sty"
Package: enumitem 2019/06/20 v3.9 Customized lists
\labelindent=\skip44
\enit@outerparindent=\dimen116
\enit@toks=\toks17
\enit@inbox=\box28
\enit@count@id=\count115
\enitdp@description=\count116
)
("C:\Program Files\MikTex\tex/latex/fancyhdr\fancyhdr.sty"
Package: fancyhdr 2019/01/31 v3.10 Extensive control of page headers and footer
s
\f@nch@headwidth=\skip45
\f@nch@O@elh=\skip46
\f@nch@O@erh=\skip47
\f@nch@O@olh=\skip48
\f@nch@O@orh=\skip49
\f@nch@O@elf=\skip50
\f@nch@O@erf=\skip51
\f@nch@O@olf=\skip52
\f@nch@O@orf=\skip53
)
("C:\Program Files\MikTex\tex/latex/amsmath\amsmath.sty"
Package: amsmath 2018/12/01 v2.17b AMS math features
\@mathmargin=\skip54

For additional information on amsmath, use the `?' option.
("C:\Program Files\MikTex\tex/latex/amsmath\amstext.sty"
Package: amstext 2000/06/29 v2.01 AMS text

("C:\Program Files\MikTex\tex/latex/amsmath\amsgen.sty"
File: amsgen.sty 1999/11/30 v2.0 generic functions
\@emptytoks=\toks18
\ex@=\dimen117
))
("C:\Program Files\MikTex\tex/latex/amsmath\amsbsy.sty"
Package: amsbsy 1999/11/29 v1.2d Bold Symbols
\pmbraise@=\dimen118
)
("C:\Program Files\MikTex\tex/latex/amsmath\amsopn.sty"
Package: amsopn 2016/03/08 v2.02 operator names
)
\inf@bad=\count117
LaTeX Info: Redefining \frac on input line 223.
\uproot@=\count118
\leftroot@=\count119
LaTeX Info: Redefining \overline on input line 385.
\classnum@=\count120
\DOTSCASE@=\count121
LaTeX Info: Redefining \ldots on input line 482.
LaTeX Info: Redefining \dots on input line 485.
LaTeX Info: Redefining \cdots on input line 606.
\Mathstrutbox@=\box29
\strutbox@=\box30
\big@size=\dimen119
LaTeX Font Info:    Redeclaring font encoding OML on input line 729.
LaTeX Font Info:    Redeclaring font encoding OMS on input line 730.
\macc@depth=\count122
\c@MaxMatrixCols=\count123
\dotsspace@=\muskip10
\c@parentequation=\count124
\dspbrk@lvl=\count125
\tag@help=\toks19
\row@=\count126
\column@=\count127
\maxfields@=\count128
\andhelp@=\toks20
\eqnshift@=\dimen120
\alignsep@=\dimen121
\tagshift@=\dimen122
\tagwidth@=\dimen123
\totwidth@=\dimen124
\lineht@=\dimen125
\@envbody=\toks21
\multlinegap=\skip55
\multlinetaggap=\skip56
\mathdisplay@stack=\toks22
LaTeX Info: Redefining \[ on input line 2844.
LaTeX Info: Redefining \] on input line 2845.
)
("C:\Program Files\MikTex\tex/latex/amsfonts\amssymb.sty"
Package: amssymb 2013/01/14 v3.01 AMS font symbols

("C:\Program Files\MikTex\tex/latex/amsfonts\amsfonts.sty"
Package: amsfonts 2013/01/14 v3.01 Basic AMSFonts support
\symAMSa=\mathgroup4
\symAMSb=\mathgroup5
LaTeX Font Info:    Overwriting math alphabet `\mathfrak' in version `bold'
(Font)                  U/euf/m/n --> U/euf/b/n on input line 106.
))
("C:\Program Files\MikTex\tex/latex/adjustbox\adjustbox.sty"
Package: adjustbox 2019/01/04 v1.2 Adjusting TeX boxes (trim, clip, ...)

("C:\Program Files\MikTex\tex/latex/xkeyval\xkeyval.sty"
Package: xkeyval 2014/12/03 v2.7a package option processing (HA)

("C:\Program Files\MikTex\tex/generic/xkeyval\xkeyval.tex"
("C:\Program Files\MikTex\tex/generic/xkeyval\xkvutils.tex"
\XKV@toks=\toks23
\XKV@tempa@toks=\toks24
)
\XKV@depth=\count129
File: xkeyval.tex 2014/12/03 v2.7a key=value parser (HA)
))
("C:\Program Files\MikTex\tex/latex/adjustbox\adjcalc.sty"
Package: adjcalc 2012/05/16 v1.1 Provides advanced setlength with multiple back
-ends (calc, etex, pgfmath)
)
("C:\Program Files\MikTex\tex/latex/adjustbox\trimclip.sty"
Package: trimclip 2018/04/08 v1.1 Trim and clip general TeX material

("C:\Program Files\MikTex\tex/latex/collectbox\collectbox.sty"
Package: collectbox 2012/05/17 v0.4b Collect macro arguments as boxes
\collectedbox=\box31
)
\tc@llx=\dimen126
\tc@lly=\dimen127
\tc@urx=\dimen128
\tc@ury=\dimen129
Package trimclip Info: Using driver 'tc-dvips.def'.

("C:\Program Files\MikTex\tex/latex/adjustbox\tc-dvips.def"
File: tc-dvips.def 2019/01/04 v2.2 Clipping driver for dvips
))
\adjbox@Width=\dimen130
\adjbox@Height=\dimen131
\adjbox@Depth=\dimen132
\adjbox@Totalheight=\dimen133
\adjbox@pwidth=\dimen134
\adjbox@pheight=\dimen135
\adjbox@pdepth=\dimen136
\adjbox@ptotalheight=\dimen137

("C:\Program Files\MikTex\tex/latex/ifoddpage\ifoddpage.sty"
Package: ifoddpage 2016/04/23 v1.1 Conditionals for odd/even page detection
\c@checkoddpage=\count130
))
("C:\Program Files\MikTex\tex/latex/index\index.sty"
Package: index 2004/01/20 v4.2beta Improved index support (dmj)
\@indexbox=\insert199
\indexproofstyle=\toks25


LaTeX Warning: Command \markboth  has changed.
               Check if current package is valid.


LaTeX Warning: Command \markright  has changed.
               Check if current package is valid.

) ("C:\Program Files\MikTex\tex/latex/algorithm2e\algorithm2e.sty"
Package: algorithm2e 2017/07/18 v5.2 algorithms environments
\c@AlgoLine=\count131

("C:\Program Files\MikTex\tex/latex/base\ifthen.sty"
Package: ifthen 2014/09/29 v1.1c Standard LaTeX ifthen package (DPC)
)
\algocf@hangindent=\skip57

("C:\Program Files\MikTex\tex/latex/relsize\relsize.sty"
Package: relsize 2013/03/29 ver 4.1
)
\skiptotal=\skip58
\skiplinenumber=\skip59
\skiprule=\skip60
\skiphlne=\skip61
\skiptext=\skip62
\skiplength=\skip63
\algomargin=\skip64
\skipalgocfslide=\skip65
\algowidth=\dimen138
\inoutsize=\dimen139
\inoutindent=\dimen140
\interspacetitleruled=\dimen141
\interspacealgoruled=\dimen142
\interspacetitleboxruled=\dimen143
\algocf@ruledwidth=\skip66
\algocf@inoutbox=\box32
\algocf@inputbox=\box33
\AlCapSkip=\skip67
\AlCapHSkip=\skip68
\algoskipindent=\skip69
\algocf@nlbox=\box34
\algocf@hangingbox=\box35
\algocf@untilbox=\box36
\algocf@skipuntil=\skip70
\algocf@capbox=\box37
\algocf@lcaptionbox=\skip71
\algoheightruledefault=\skip72
\algoheightrule=\skip73
\algotitleheightruledefault=\skip74
\algotitleheightrule=\skip75
\c@algocfline=\count132
\c@algocfproc=\count133
\c@algocf=\count134
\algocf@algoframe=\box38
\algocf@algobox=\box39
)
("C:\Program Files\MikTex\tex/latex/geometry\geometry.sty"
Package: geometry 2018/04/16 v5.8 Page Geometry

("C:\Program Files\MikTex\tex/generic/oberdiek\ifpdf.sty"
Package: ifpdf 2018/09/07 v3.3 Provides the ifpdf switch
)
("C:\Program Files\MikTex\tex/generic/oberdiek\ifvtex.sty"
Package: ifvtex 2016/05/16 v1.6 Detect VTeX and its facilities (HO)
Package ifvtex Info: VTeX not detected.
)
("C:\Program Files\MikTex\tex/generic/ifxetex\ifxetex.sty"
Package: ifxetex 2010/09/12 v0.6 Provides ifxetex conditional
)
\Gm@cnth=\count135
\Gm@cntv=\count136
\c@Gm@tempcnt=\count137
\Gm@bindingoffset=\dimen144
\Gm@wd@mp=\dimen145
\Gm@odd@mp=\dimen146
\Gm@even@mp=\dimen147
\Gm@layoutwidth=\dimen148
\Gm@layoutheight=\dimen149
\Gm@layouthoffset=\dimen150
\Gm@layoutvoffset=\dimen151
\Gm@dimlist=\toks26

("C:\Program Files\MikTex\tex/latex/geometry\geometry.cfg"))
\idxtitle@default=\toks27
\tf@default=\write3
\openout3 = `final_report.idx'.

Package index Info: Writing index file final_report.idx on input line 27.
 (final_report.aux)
\openout1 = `final_report.aux'.

LaTeX Font Info:    Checking defaults for OML/cmm/m/it on input line 31.
LaTeX Font Info:    ... okay on input line 31.
LaTeX Font Info:    Checking defaults for T1/cmr/m/n on input line 31.
LaTeX Font Info:    ... okay on input line 31.
LaTeX Font Info:    Checking defaults for OT1/cmr/m/n on input line 31.
LaTeX Font Info:    ... okay on input line 31.
LaTeX Font Info:    Checking defaults for OMS/cmsy/m/n on input line 31.
LaTeX Font Info:    ... okay on input line 31.
LaTeX Font Info:    Checking defaults for OMX/cmex/m/n on input line 31.
LaTeX Font Info:    ... okay on input line 31.
LaTeX Font Info:    Checking defaults for U/cmr/m/n on input line 31.
LaTeX Font Info:    ... okay on input line 31.
Package caption Info: Begin \AtBeginDocument code.
Package caption Info: wrapfig package is loaded.
Package caption Info: End \AtBeginDocument code.
LaTeX Info: Redefining \microtypecontext on input line 31.
Package microtype Info: Generating DVI output.
Package microtype Info: Character protrusion enabled (level 2).
Package microtype Info: Using default protrusion set `alltext'.
Package microtype Info: No font expansion.
Package microtype Info: No adjustment of tracking.
Package microtype Info: No adjustment of interword spacing.
Package microtype Info: No adjustment of character kerning.
("C:\Program Files\MikTex\tex/latex/microtype\mt-cmr.cfg"
File: mt-cmr.cfg 2013/05/19 v2.2 microtype config. file: Computer Modern Roman 
(RS)
)
*geometry* driver: auto-detecting
*geometry* detected driver: dvips
*geometry* verbose mode - [ preamble ] result:
* driver: dvips
* paper: a4paper
* layout: <same size as paper>
* layoutoffset:(h,v)=(0.0pt,0.0pt)
* modes: 
* h-part:(L,W,R)=(56.9055pt, 483.69684pt, 56.90553pt)
* v-part:(T,H,B)=(56.9055pt, 731.23582pt, 56.90552pt)
* \paperwidth=597.50787pt
* \paperheight=845.04684pt
* \textwidth=483.69684pt
* \textheight=731.23582pt
* \oddsidemargin=-15.36449pt
* \evensidemargin=-15.36449pt
* \topmargin=-52.36449pt
* \headheight=12.0pt
* \headsep=25.0pt
* \topskip=11.0pt
* \footskip=30.0pt
* \marginparwidth=50.0pt
* \marginparsep=10.0pt
* \columnsep=10.0pt
* \skip\footins=10.0pt plus 4.0pt minus 2.0pt
* \hoffset=0.0pt
* \voffset=0.0pt
* \mag=1000
* \@twocolumnfalse
* \@twosidefalse
* \@mparswitchfalse
* \@reversemarginfalse
* (1in=72.27pt=25.4mm, 1cm=28.453pt)

LaTeX Font Info:    Try loading font information for U+msa on input line 38.
("C:\Program Files\MikTex\tex/latex/amsfonts\umsa.fd"
File: umsa.fd 2013/01/14 v3.01 AMS symbols A
)
("C:\Program Files\MikTex\tex/latex/microtype\mt-msa.cfg"
File: mt-msa.cfg 2006/02/04 v1.1 microtype config. file: AMS symbols (a) (RS)
)
LaTeX Font Info:    Try loading font information for U+msb on input line 38.

("C:\Program Files\MikTex\tex/latex/amsfonts\umsb.fd"
File: umsb.fd 2013/01/14 v3.01 AMS symbols B
)
("C:\Program Files\MikTex\tex/latex/microtype\mt-msb.cfg"
File: mt-msb.cfg 2005/06/01 v1.0 microtype config. file: AMS symbols (b) (RS)
)

Package Fancyhdr Warning: \fancyhead's `E' option without twoside option is use
less on input line 49.


Package Fancyhdr Warning: \fancyfoot's `E' option without twoside option is use
less on input line 52.

[1

] (final_report.toc)
\tf@toc=\write4
\openout4 = `final_report.toc'.

 [2]

LaTeX Warning: Citation `DBLP:journals/corr/MnihKSGAWR13' on page 1 undefined o
n input line 60.


LaTeX Warning: Citation `alpha_go' on page 1 undefined on input line 60.


LaTeX Warning: Citation `arulkumaran2019alphastar' on page 1 undefined on input
 line 60.


LaTeX Warning: Citation `hessel2018rainbow' on page 1 undefined on input line 6
5.


LaTeX Warning: Citation `bellemare2017distributional' on page 1 undefined on in
put line 66.


LaTeX Warning: Citation `nachum2019does' on page 1 undefined on input line 69.


LaTeX Warning: Citation `puterman2014markov' on page 1 undefined on input line 
79.

LaTeX Font Info:    Try loading font information for OMS+cmr on input line 82.
("C:\Program Files\MikTex\tex/latex/base\omscmr.fd"
File: omscmr.fd 2014/09/29 v2.5h Standard LaTeX font definitions
)
LaTeX Font Info:    Font shape `OMS/cmr/m/n' in size <10.95> not available
(Font)              Font shape `OMS/cmsy/m/n' tried instead on input line 82.
 [1]

LaTeX Warning: Reference `reward_function' on page 2 undefined on input line 85
.


! LaTeX Error: Cannot determine size of graphic in figs/X p_detail.png (no Boun
dingBox).

See the LaTeX manual or LaTeX Companion for explanation.
Type  H <return>  for immediate help.
 ...                                              
                                                  
l.93 ...s[width=.5\linewidth]{figs/mdp_detail.png}
                                                  
Try typing  <return>  to proceed.
If that doesn't work, type  X <return>  to quit.

File: figs/mdp_detail.png Graphic file (type eps)
<figs/mdp_detail.png>

LaTeX Warning: Citation `franccois2018introduction' on page 2 undefined on inpu
t line 94.


LaTeX Warning: Citation `franccois2018introduction' on page 2 undefined on inpu
t line 94.


LaTeX Warning: Citation `watkins1992q' on page 2 undefined on input line 97.

[2]

! LaTeX Error: Cannot determine size of graphic in figs/deep_rl_video_game.png 
(no BoundingBox).

See the LaTeX manual or LaTeX Companion for explanation.
Type  H <return>  for immediate help.
 ...                                              
                                                  
l.115 ...1\linewidth]{figs/deep_rl_video_game.png}
                                                  
Try typing  <return>  to proceed.
If that doesn't work, type  X <return>  to quit.

File: figs/deep_rl_video_game.png Graphic file (type eps)
<figs/deep_rl_video_game.png>

LaTeX Warning: Reference `q_update' on page 3 undefined on input line 119.


LaTeX Warning: Reference `eq:q_update' on page 3 undefined on input line 122.


! LaTeX Error: Cannot determine size of graphic in figs/policy_target_nn.png (n
o BoundingBox).

See the LaTeX manual or LaTeX Companion for explanation.
Type  H <return>  for immediate help.
 ...                                              
                                                  
l.127 ...h=1\linewidth]{figs/policy_target_nn.png}
                                                  
Try typing  <return>  to proceed.
If that doesn't work, type  X <return>  to quit.

File: figs/policy_target_nn.png Graphic file (type eps)
<figs/policy_target_nn.png>

LaTeX Warning: Citation `lin1993reinforcement' on page 3 undefined on input lin
e 132.

[3]

LaTeX Warning: Citation `geirhos2018generalisation' on page 4 undefined on inpu
t line 136.


LaTeX Warning: Citation `sutton1996generalization' on page 4 undefined on input
 line 136.


LaTeX Warning: Citation `van2017hybrid' on page 4 undefined on input line 136.


LaTeX Warning: Citation `cobbe2018quantifying' on page 4 undefined on input lin
e 136.


! LaTeX Error: Cannot determine size of graphic in figs/hrl_smdp.png (no Boundi
ngBox).

See the LaTeX manual or LaTeX Companion for explanation.
Type  H <return>  for immediate help.
 ...                                              
                                                  
l.141 ...s[width=0.4\textwidth]{figs/hrl_smdp.png}
                                                  
Try typing  <return>  to proceed.
If that doesn't work, type  X <return>  to quit.

File: figs/hrl_smdp.png Graphic file (type eps)
<figs/hrl_smdp.png>

LaTeX Warning: Citation `ribas2011neural' on page 4 undefined on input line 144
.


LaTeX Warning: Citation `ribas2011neural' on page 4 undefined on input line 144
.


LaTeX Warning: Citation `sutton1999between' on page 4 undefined on input line 1
47.


LaTeX Warning: Citation `sutton1999between' on page 4 undefined on input line 1
50.

[4]

LaTeX Warning: Citation `bacon2017option' on page 5 undefined on input line 159
.


! LaTeX Error: Cannot determine size of graphic in figs/option_critic_architect
ure.png (no BoundingBox).

See the LaTeX manual or LaTeX Companion for explanation.
Type  H <return>  for immediate help.
 ...                                              
                                                  
l.166 ...dth]{figs/option_critic_architecture.png}
                                                  
Try typing  <return>  to proceed.
If that doesn't work, type  X <return>  to quit.

File: figs/option_critic_architecture.png Graphic file (type eps)
<figs/option_critic_architecture.png>

LaTeX W8]

! LaTeX Error: Can011neural' on page 5 undefined on input line 169
.


LaTeX Warning: Citation `ribas2011neural' on page 5 undefined on input line 169
.


Underfull \hbox (badness 1308) in paragraph at lines 172--173
[][]\OT1/cmr/m/n/10.95 At each timestep, the mas-ter pol-icy $\OML/cmm/m/it/10.
95 []$
 []


Underfull \hbox (badness 1077) in paragraph at lines 172--173
\OT1/cmr/m/n/10.95 chooses an op-tion/subpolicy $\OML/cmm/m/it/10.95 ![]$\OT1/c
mr/m/n/10.95 . We fol-low
 []


Underfull \hbox (badness 3386) in paragraph at lines 172--173
\OT1/cmr/m/n/10.95 the reg-u-lar MDP struc-ture where the op-
 []


LaTeX Warning: Citation `vezhnevets2017feudal' on page 5 undefined on input lin
e 175.


LaTeX Warning: Citation `dayan1993feudal' on page 5 undefined on input line 175
.


! LaTeX Error: Cannot determine size of graphic in figs/fun_architecture.png (n
o BoundingBox).

See the LaTeX manual or LaTeX Companion for explanation.
Type  H <return>  for immediate help.
 ...                                              
                                                  
l.179 ...=.5\textwidth]{figs/fun_architecture.png}
                                                  
Try typing  <return>  to proceed.
If that doesn't work, type  X <return>  to quit.

File: figs/fun_architecture.png Graphic file (type eps)
<figs/fun_architecture.png>

LaTeX Warning: Citation `vezhnevets2017feudal' on page 5 undefined on input lin
e 181.


LaTeX Warning: Citation `vezhnevets2017feudal' on page 5 undefined on input lin
e 181.

[5]

LaTeX Warning: Citation `DBLP:journals/corr/MnihKSGAWR13' on page 6 undefined o
n input line 185.


Underfull \hbox (badness 1005) in paragraph at lines 185--186
\OT1/cmr/m/n/10.95 the reg-u-lar DQN and Option-Critic sys-tems.
 []


LaTeX Warning: Citation `marioai' on page 6 undefined on input line 194.


LaTeX Warning: Citation `jython' on page 6 undefined on input line 203.


LaTeX Warning: Citation `jpype' on page 6 undefined on input line 203.


LaTeX Warning: Citation `py4j' on page 6 undefined on input line 203.

[6]

LaTeX Warning: Reference `frame_stacking_skipping' on page 7 undefined on input
 line 229.


LaTeX Warning: Reference `frame_preprocessing' on page 7 undefined on input lin
e 229.


LaTeX Warning: Reference `reward_function' on page 7 undefined on input line 22
9.

[7]

! LaTeX Error: Cannot determine size of graphic in figs/system_architecture.png
 (no BoundingBox).

See the LaTeX manual or LaTeX Companion for explanation.
Type  H <return>  for immediate help.
 ...                                              
                                                  
l.233 ...\linewidth]{figs/system_architecture.png}
                                                  
Try typing  <return>  to proceed.
If that doesn't work, type  X <return>  to quit.

File: figs/system_architecture.png Graphic file (type eps)
<figs/system_architecture.png>

LaTeX Warning: Citation `marioai' on page 8 undefined on input line 237.


LaTeX Warning: Citation `siebert2001kobra' on page 8 undefined on input line 24
2.


LaTeX Warning: Citation `pypi' on page 8 undefined on input line 246.


LaTeX Warning: Reference `frame_stacking_skipping' on page 8 undefined on input
 line 252.

[8]

LaTeX Warning: Citation `sutton2011reinforcement' on page 9 undefined on input 
line 272.


! LaTeX Error: Cannot determine size of graphic in figs/epsilon_decay.png (no B
oundingBox).

See the LaTeX manual or LaTeX Companion for explanation.
Type  H <return>  for immediate help.
 ...                                              
                                                  
l.277 ...h=0.48\textwidth]{figs/epsilon_decay.png}
                                                  
Try typing  <return>  to proceed.
If that doesn't work, type  X <return>  to quit.

File: figs/epsilon_decay.png Graphic file (type eps)
<figs/epsilon_decay.png>

LaTeX Warning: Citation `white2012bandit' on page 9 undefined on input line 284
.


LaTeX Warning: Citation `mnih2015human' on page 9 undefined on input line 284.

                  
                                          on input line 284.



LaTeX Warning: Citation `chuchro2017game' on page 9 undefined on input line 284
.


LaTeX Warning: Citation `gribbon2004novel' on page 9 undefined on input line 28
8.


LaTeX Warning: Citation `DBLP:journals/corr/MnihKSGAWR13' on page 9 undefined o
n input line 288.


LaTeX Warning: Citation `lample2017playing' on page 9 undefined on input line 2
88.


! LaTeX Error: Cannot determine size of graphic in figs/frame_preprocessing.png
 (no BoundingBox).

See the LaTeX manual or LaTeX Companion for explanation.
Type  H <return>  for immediate help.
 ...                                              
                                                  
l.292 ...\linewidth]{figs/frame_preprocessing.png}
                                                  
Try typing  <return>  to proceed.
If that doesn't work, type  X <return>  to quit.

File: figs/frame_preprocessing.png Graphic file (type eps)
<figs/frame_preprocessing.png>

LaTeX Warning: Citation `DBLP:journals/corr/MnihKSGAWR13' on page 9 undefined o
n input line 299.

[9]

! LaTeX Error: Cannot determine size of graphic in figs/frame_stacking_nn.png (
no BoundingBox).

See the LaTeX manual or LaTeX Companion for explanation.
Type  H <return>  for immediate help.
 ...                                              
                                                  
l.303 ...75\linewidth]{figs/frame_stacking_nn.png}
                                                  
Try typing  <return>  to proceed.
If that doesn't work, type  X <return>  to quit.

File: figs/frame_stacking_nn.png Graphic file (type eps)
<figs/frame_stacking_nn.png>

LaTeX Warning: Citation `braylan2015frame' on page 10 undefined on input line 3
07.


! LaTeX Error: Cannot determine size of graphic in figs/frame_skipping.png (no 
BoundingBox).

See the LaTeX manual or LaTeX Companion for explanation.
Type  H <return>  for immediate help.
 ...                                              
                                                  
l.324 ...dth=1\linewidth]{figs/frame_skipping.png}
                                                  
Try typing  <return>  to proceed.
If that doesn't work, type  X <return>  to quit.

File: figs/frame_skipping.png Graphic file (type eps)
<figs/frame_skipping.png>
Package microtype Info: Loading generic protrusion settings for font family
(microtype)             `cmtt' (encoding: OT1).
(microtype)             For optimal results, create family-specific settings.
(microtype)             See the microtype manual for details.


! LaTeX Error: Cannot determine size of graphic in figs/steps_gap_level.png (no
 BoundingBox).

See the LaTeX manual or LaTeX Companion for explanation.
Type  H <return>  for immediate help.
 ...                                              
                                                  
l.346 ...dth=\linewidth]{figs/steps_gap_level.png}
                                                  
Try typing  <return>  to proceed.
If that doesn't work, type  X <return>  to quit.

File: figs/steps_gap_level.png Graphic file (type eps)
<figs/steps_gap_level.png>
Underfull \hbox (badness 1253) in paragraph at lines 347--347
[]\OT1/cmr/m/n/10.95 Figure 12: |Steps with
 []


! LaTeX Error: Cannot determine size of graphic in figs/two_pipe_level.png (no 
BoundingBox).

See the LaTeX manual or LaTeX Companion for explanation.
Type  H <return>  for immediate help.
 ...                                              
                                                  
l.350 ...idth=\linewidth]{figs/two_pipe_level.png}
                                                  
Try typing  <return>  to proceed.
If that doesn't work, type  X <return>  to quit.

File: figs/two_pipe_level.png Graphic file (type eps)
<figs/two_pipe_level.png>
Underfull \hbox (badness 1215) in paragraph at lines 351--351
[]\OT1/cmr/m/n/10.95 Figure 13: |Two Pipes
 []


! LaTeX Error: Cannot determine size of graphic in figs/steps_pipe_level.png (n
o BoundingBox).

See the LaTeX manual or LaTeX Companion for explanation.
Type  H <return>  for immediate help.
 ...                                              
                                                  
l.354 ...th=\linewidth]{figs/steps_pipe_level.png}
                                                  
Try typing  <return>  to proceed.
If that doesn't work, type  X <return>  to quit.

File: figs/steps_pipe_level.png Graphic file (type eps)
<figs/steps_pipe_level.png>
Underfull \hbox (badness 1253) in paragraph at lines 355--355
[]\OT1/cmr/m/n/10.95 Figure 14: |Steps with
 []

[10]

LaTeX Warning: Reference `custom_levels' on page 11 undefined on input line 364
.


LaTeX Warning: `!h' float specifier changed to `!ht'.


LaTeX Warning: Citation `bacon2017option' on page 11 undefined on input line 41
2.


LaTeX Warning: Citation `kulkarni2016hierarchical' on page 11 undefined on inpu
t line 412.


LaTeX Warning: Citation `hessel2018rainbow' on page 11 undefined on input line 
412.


LaTeX Warning: Citation `levy2017learning' on page 11 undefined on input line 4
12.


LaTeX Warning: Reference `deep_rl' on page 11 undefined on input line 412.


LaTeX Warning: Citation `lecun2015deep' on page 11 undefined on input line 412.



LaTeX Warning: Citation `ramachandran2017searching' on page 11 undefined on inp
ut line 412.


! LaTeX Error: Cannot determine size of graphic in figs/dqn.png (no BoundingBox
).

See the LaTeX manual or LaTeX Companion for explanation.
Type  H <return>  for immediate help.
 ...                                              
                                                  
l.417 ...}, clip, width=1\linewidth]{figs/dqn.png}
                                                  
Try typing  <return>  to proceed.
If that doesn't work, type  X <return>  to quit.

File: figs/dqn.png Graphic file (type eps)
<figs/dqn.png> [11]
Overfull \hbox (2.72104pt too wide) in paragraph at lines 423--439
[][] 
 []

[12] (final_report.bbl [13]
LaTeX Font Info:    Font shape `OMS/cmr/m/it' in size <10.95> not available
(Font)              Font shape `OMS/cmsy/m/n' tried instead on input line 73.
 [14])
Underfull \hbox (badness 10000) in paragraph at lines 457--497

 []


Underfull \hbox (badness 10000) in paragraph at lines 457--497

 []


Underfull \hbox (badness 10000) in paragraph at lines 457--497

 []


Underfull \hbox (badness 10000) in paragraph at lines 457--497

 []


Underfull \hbox (badness 10000) in paragraph at lines 457--497

 []


Overfull \hbox (30.73724pt too wide) in paragraph at lines 457--497
\OT1/cmr/m/n/10.95 Borges, D. (2018). The Curse of Di-men-sion-al-ity!. [on-lin
e] Medium. Avail-able at: https://medium.com/diogo-
 []


Underfull \hbox (badness 10000) in paragraph at lines 457--497

 []


Underfull \hbox (badness 10000) in paragraph at lines 457--497

 []


Underfull \hbox (badness 10000) in paragraph at lines 457--497

 []


Overfull \hbox (93.64911pt too wide) in paragraph at lines 457--497
\OT1/cmr/m/n/10.95 2017 Edi-tion). [on-line] Plato.stanford.edu. Avail-able at:
 https://plato.stanford.edu/archives/win2017/entries/empiricism-
 []


Underfull \hbox (badness 10000) in paragraph at lines 457--497

 []


Underfull \hbox (badness 10000) in paragraph at lines 457--497

 []


Underfull \hbox (badness 10000) in paragraph at lines 457--497

 []


Underfull \hbox (badness 10000) in paragraph at lines 457--497

 []


Underfull \hbox (badness 10000) in paragraph at lines 457--497

 []


Underfull \hbox (badness 10000) in paragraph at lines 457--497

 []


Underfull \hbox (badness 10000) in paragraph at lines 457--497

 []


Underfull \hbox (badness 10000) in paragraph at lines 457--497

 []


Underfull \hbox (badness 10000) in paragraph at lines 457--497

 []


Underfull \hbox (badness 10000) in paragraph at lines 457--497

 []


Underfull \hbox (badness 10000) in paragraph at lines 457--497

 []


Underfull \hbox (badness 10000) in paragraph at lines 457--497

 []


Underfull \hbox (badness 10000) in paragraph at lines 457--497

 []


Underfull \hbox (badness 10000) in paragraph at lines 457--497

 []


Underfull \hbox (badness 10000) in paragraph at lines 457--497

 []


Underfull \hbox (badness 10000) in paragraph at lines 457--497

 []


Underfull \hbox (badness 10000) in paragraph at lines 457--497

 []


Underfull \hbox (badness 10000) in paragraph at lines 457--497

 []


Underfull \hbox (badness 10000) in paragraph at lines 457--497

 []


Underfull \hbox (badness 10000) in paragraph at lines 457--497

 []


Underfull \hbox (badness 10000) in paragraph at lines 457--497

 []


Underfull \hbox (badness 10000) in paragraph at lines 457--497

 []


Underfull \hbox (badness 10000) in paragraph at lines 457--497

 []


Underfull \hbox (badness 10000) in paragraph at lines 457--497

 []

[15] [16] [17] (final_report.aux)

LaTeX Warning: There were undefined references.


LaTeX Warning: Label(s) may have changed. Rerun to get cross-references right.

 ) 
Here is how much of TeX's memory you used:
 8054 strings out of 492896
 125719 string characters out of 3135361
 271032 words of memory out of 3000000
 11827 multiletter control sequences out of 15000+200000
 12481 words of font info for 47 fonts, out of 3000000 for 9000
 1141 hyphenation exceptions out of 8191
 42i,9n,77p,2560b,416s stack positions out of 5000i,500n,10000p,200000b,50000s

Output written on final_report.dvi (19 pages, 80172 bytes).
